2025-07-26T11:39:25.567Z - error: Error occurred during reporter init: TypeError: SES failed to lockdown, Node.js domains have been initialized (SES_NO_DOMAINS)
    at tameDomains (D:\William Susilo - Kuliah\Magang\PT Prabasena Baratawijaya (Prabaraja)\Project App Prabaraja\Web App - Jurnal\PBW_Backend_API\node_modules\@jsreport\ses\index.js:8717:13)
    at repairIntrinsics (D:\William Susilo - Kuliah\Magang\PT Prabasena Baratawijaya (Prabaraja)\Project App Prabaraja\Web App - Jurnal\PBW_Backend_API\node_modules\@jsreport\ses\index.js:13561:3)
    at globalThis.repairIntrinsics (D:\William Susilo - Kuliah\Magang\PT Prabasena Baratawijaya (Prabaraja)\Project App Prabaraja\Web App - Jurnal\PBW_Backend_API\node_modules\@jsreport\ses\index.js:13808:28)
    at WorkerReporter.init (D:\William Susilo - Kuliah\Magang\PT Prabasena Baratawijaya (Prabaraja)\Project App Prabaraja\Web App - Jurnal\PBW_Backend_API\node_modules\@jsreport\jsreport-core\lib\worker\reporter.js:92:7)
    at async processAndResponse (D:\William Susilo - Kuliah\Magang\PT Prabasena Baratawijaya (Prabaraja)\Project App Prabaraja\Web App - Jurnal\PBW_Backend_API\node_modules\@jsreport\advanced-workers\lib\workerHandler.js:42:17)
2025-07-26T12:00:05.842Z - error: Error occurred during reporter init: TypeError: SES failed to lockdown, Node.js domains have been initialized (SES_NO_DOMAINS)
    at tameDomains (D:\William Susilo - Kuliah\Magang\PT Prabasena Baratawijaya (Prabaraja)\Project App Prabaraja\Web App - Jurnal\PBW_Backend_API\node_modules\@jsreport\ses\index.js:8717:13)
    at repairIntrinsics (D:\William Susilo - Kuliah\Magang\PT Prabasena Baratawijaya (Prabaraja)\Project App Prabaraja\Web App - Jurnal\PBW_Backend_API\node_modules\@jsreport\ses\index.js:13561:3)
    at globalThis.repairIntrinsics (D:\William Susilo - Kuliah\Magang\PT Prabasena Baratawijaya (Prabaraja)\Project App Prabaraja\Web App - Jurnal\PBW_Backend_API\node_modules\@jsreport\ses\index.js:13808:28)
    at WorkerReporter.init (D:\William Susilo - Kuliah\Magang\PT Prabasena Baratawijaya (Prabaraja)\Project App Prabaraja\Web App - Jurnal\PBW_Backend_API\node_modules\@jsreport\jsreport-core\lib\worker\reporter.js:92:7)
    at async processAndResponse (D:\William Susilo - Kuliah\Magang\PT Prabasena Baratawijaya (Prabaraja)\Project App Prabaraja\Web App - Jurnal\PBW_Backend_API\node_modules\@jsreport\advanced-workers\lib\workerHandler.js:42:17)
2025-07-26T12:00:32.894Z - error: Error occurred during reporter init: TypeError: SES failed to lockdown, Node.js domains have been initialized (SES_NO_DOMAINS)
    at tameDomains (D:\William Susilo - Kuliah\Magang\PT Prabasena Baratawijaya (Prabaraja)\Project App Prabaraja\Web App - Jurnal\PBW_Backend_API\node_modules\@jsreport\ses\index.js:8717:13)
    at repairIntrinsics (D:\William Susilo - Kuliah\Magang\PT Prabasena Baratawijaya (Prabaraja)\Project App Prabaraja\Web App - Jurnal\PBW_Backend_API\node_modules\@jsreport\ses\index.js:13561:3)
    at globalThis.repairIntrinsics (D:\William Susilo - Kuliah\Magang\PT Prabasena Baratawijaya (Prabaraja)\Project App Prabaraja\Web App - Jurnal\PBW_Backend_API\node_modules\@jsreport\ses\index.js:13808:28)
    at WorkerReporter.init (D:\William Susilo - Kuliah\Magang\PT Prabasena Baratawijaya (Prabaraja)\Project App Prabaraja\Web App - Jurnal\PBW_Backend_API\node_modules\@jsreport\jsreport-core\lib\worker\reporter.js:92:7)
    at async processAndResponse (D:\William Susilo - Kuliah\Magang\PT Prabasena Baratawijaya (Prabaraja)\Project App Prabaraja\Web App - Jurnal\PBW_Backend_API\node_modules\@jsreport\advanced-workers\lib\workerHandler.js:42:17)
2025-07-26T12:02:34.989Z - error: Error occurred during reporter init: TypeError: SES failed to lockdown, Node.js domains have been initialized (SES_NO_DOMAINS)
    at tameDomains (D:\William Susilo - Kuliah\Magang\PT Prabasena Baratawijaya (Prabaraja)\Project App Prabaraja\Web App - Jurnal\PBW_Backend_API\node_modules\@jsreport\ses\index.js:8717:13)
    at repairIntrinsics (D:\William Susilo - Kuliah\Magang\PT Prabasena Baratawijaya (Prabaraja)\Project App Prabaraja\Web App - Jurnal\PBW_Backend_API\node_modules\@jsreport\ses\index.js:13561:3)
    at globalThis.repairIntrinsics (D:\William Susilo - Kuliah\Magang\PT Prabasena Baratawijaya (Prabaraja)\Project App Prabaraja\Web App - Jurnal\PBW_Backend_API\node_modules\@jsreport\ses\index.js:13808:28)
    at WorkerReporter.init (D:\William Susilo - Kuliah\Magang\PT Prabasena Baratawijaya (Prabaraja)\Project App Prabaraja\Web App - Jurnal\PBW_Backend_API\node_modules\@jsreport\jsreport-core\lib\worker\reporter.js:92:7)
    at async processAndResponse (D:\William Susilo - Kuliah\Magang\PT Prabasena Baratawijaya (Prabaraja)\Project App Prabaraja\Web App - Jurnal\PBW_Backend_API\node_modules\@jsreport\advanced-workers\lib\workerHandler.js:42:17)
2025-07-26T12:04:16.918Z - error: Error occurred during reporter init: TypeError: SES failed to lockdown, Node.js domains have been initialized (SES_NO_DOMAINS)
    at tameDomains (D:\William Susilo - Kuliah\Magang\PT Prabasena Baratawijaya (Prabaraja)\Project App Prabaraja\Web App - Jurnal\PBW_Backend_API\node_modules\@jsreport\ses\index.js:8717:13)
    at repairIntrinsics (D:\William Susilo - Kuliah\Magang\PT Prabasena Baratawijaya (Prabaraja)\Project App Prabaraja\Web App - Jurnal\PBW_Backend_API\node_modules\@jsreport\ses\index.js:13561:3)
    at globalThis.repairIntrinsics (D:\William Susilo - Kuliah\Magang\PT Prabasena Baratawijaya (Prabaraja)\Project App Prabaraja\Web App - Jurnal\PBW_Backend_API\node_modules\@jsreport\ses\index.js:13808:28)
    at WorkerReporter.init (D:\William Susilo - Kuliah\Magang\PT Prabasena Baratawijaya (Prabaraja)\Project App Prabaraja\Web App - Jurnal\PBW_Backend_API\node_modules\@jsreport\jsreport-core\lib\worker\reporter.js:92:7)
    at async processAndResponse (D:\William Susilo - Kuliah\Magang\PT Prabasena Baratawijaya (Prabaraja)\Project App Prabaraja\Web App - Jurnal\PBW_Backend_API\node_modules\@jsreport\advanced-workers\lib\workerHandler.js:42:17)
